{"/Users/prasenjeet/Documents/Claude/Projects/rlm-demo/rlm-demo/src/app.js": {"path":"/Users/prasenjeet/Documents/Claude/Projects/rlm-demo/rlm-demo/src/app.js","statementMap":{"0":{"start":{"line":6,"column":16},"end":{"line":6,"column":34}},"1":{"start":{"line":7,"column":39},"end":{"line":7,"column":65}},"2":{"start":{"line":9,"column":12},"end":{"line":9,"column":21}},"3":{"start":{"line":10,"column":0},"end":{"line":10,"column":24}},"4":{"start":{"line":13,"column":12},"end":{"line":16,"column":1}},"5":{"start":{"line":19,"column":0},"end":{"line":28,"column":3}},"6":{"start":{"line":20,"column":2},"end":{"line":27,"column":5}},"7":{"start":{"line":31,"column":0},"end":{"line":33,"column":3}},"8":{"start":{"line":32,"column":2},"end":{"line":32,"column":37}},"9":{"start":{"line":36,"column":0},"end":{"line":36,"column":49}},"10":{"start":{"line":36,"column":32},"end":{"line":36,"column":47}},"11":{"start":{"line":38,"column":0},"end":{"line":42,"column":3}},"12":{"start":{"line":39,"column":15},"end":{"line":39,"column":64}},"13":{"start":{"line":39,"column":33},"end":{"line":39,"column":63}},"14":{"start":{"line":40,"column":2},"end":{"line":40,"column":65}},"15":{"start":{"line":40,"column":13},"end":{"line":40,"column":65}},"16":{"start":{"line":41,"column":2},"end":{"line":41,"column":17}},"17":{"start":{"line":44,"column":0},"end":{"line":50,"column":3}},"18":{"start":{"line":45,"column":38},"end":{"line":45,"column":46}},"19":{"start":{"line":46,"column":2},"end":{"line":46,"column":72}},"20":{"start":{"line":46,"column":13},"end":{"line":46,"column":72}},"21":{"start":{"line":47,"column":15},"end":{"line":47,"column":53}},"22":{"start":{"line":48,"column":2},"end":{"line":48,"column":19}},"23":{"start":{"line":49,"column":2},"end":{"line":49,"column":29}},"24":{"start":{"line":52,"column":0},"end":{"line":57,"column":3}},"25":{"start":{"line":53,"column":15},"end":{"line":53,"column":64}},"26":{"start":{"line":53,"column":33},"end":{"line":53,"column":63}},"27":{"start":{"line":54,"column":2},"end":{"line":54,"column":65}},"28":{"start":{"line":54,"column":13},"end":{"line":54,"column":65}},"29":{"start":{"line":55,"column":2},"end":{"line":55,"column":32}},"30":{"start":{"line":56,"column":2},"end":{"line":56,"column":17}},"31":{"start":{"line":59,"column":0},"end":{"line":64,"column":3}},"32":{"start":{"line":60,"column":14},"end":{"line":60,"column":68}},"33":{"start":{"line":60,"column":37},"end":{"line":60,"column":67}},"34":{"start":{"line":61,"column":2},"end":{"line":61,"column":70}},"35":{"start":{"line":61,"column":18},"end":{"line":61,"column":70}},"36":{"start":{"line":62,"column":2},"end":{"line":62,"column":23}},"37":{"start":{"line":63,"column":2},"end":{"line":63,"column":25}},"38":{"start":{"line":67,"column":0},"end":{"line":70,"column":1}},"39":{"start":{"line":68,"column":15},"end":{"line":68,"column":39}},"40":{"start":{"line":69,"column":2},"end":{"line":69,"column":77}},"41":{"start":{"line":69,"column":25},"end":{"line":69,"column":75}},"42":{"start":{"line":72,"column":0},"end":{"line":72,"column":21}}},"fnMap":{"0":{"name":"(anonymous_0)","decl":{"start":{"line":19,"column":19},"end":{"line":19,"column":20}},"loc":{"start":{"line":19,"column":33},"end":{"line":28,"column":1}},"line":19},"1":{"name":"(anonymous_1)","decl":{"start":{"line":31,"column":20},"end":{"line":31,"column":21}},"loc":{"start":{"line":31,"column":34},"end":{"line":33,"column":1}},"line":31},"2":{"name":"(anonymous_2)","decl":{"start":{"line":36,"column":18},"end":{"line":36,"column":19}},"loc":{"start":{"line":36,"column":32},"end":{"line":36,"column":47}},"line":36},"3":{"name":"(anonymous_3)","decl":{"start":{"line":38,"column":22},"end":{"line":38,"column":23}},"loc":{"start":{"line":38,"column":36},"end":{"line":42,"column":1}},"line":38},"4":{"name":"(anonymous_4)","decl":{"start":{"line":39,"column":26},"end":{"line":39,"column":27}},"loc":{"start":{"line":39,"column":33},"end":{"line":39,"column":63}},"line":39},"5":{"name":"(anonymous_5)","decl":{"start":{"line":44,"column":19},"end":{"line":44,"column":20}},"loc":{"start":{"line":44,"column":33},"end":{"line":50,"column":1}},"line":44},"6":{"name":"(anonymous_6)","decl":{"start":{"line":52,"column":24},"end":{"line":52,"column":25}},"loc":{"start":{"line":52,"column":38},"end":{"line":57,"column":1}},"line":52},"7":{"name":"(anonymous_7)","decl":{"start":{"line":53,"column":26},"end":{"line":53,"column":27}},"loc":{"start":{"line":53,"column":33},"end":{"line":53,"column":63}},"line":53},"8":{"name":"(anonymous_8)","decl":{"start":{"line":59,"column":25},"end":{"line":59,"column":26}},"loc":{"start":{"line":59,"column":39},"end":{"line":64,"column":1}},"line":59},"9":{"name":"(anonymous_9)","decl":{"start":{"line":60,"column":30},"end":{"line":60,"column":31}},"loc":{"start":{"line":60,"column":37},"end":{"line":60,"column":67}},"line":60},"10":{"name":"(anonymous_10)","decl":{"start":{"line":69,"column":19},"end":{"line":69,"column":20}},"loc":{"start":{"line":69,"column":25},"end":{"line":69,"column":75}},"line":69}},"branchMap":{"0":{"loc":{"start":{"line":24,"column":9},"end":{"line":24,"column":45}},"type":"binary-expr","locations":[{"start":{"line":24,"column":9},"end":{"line":24,"column":28}},{"start":{"line":24,"column":32},"end":{"line":24,"column":45}}],"line":24},"1":{"loc":{"start":{"line":40,"column":2},"end":{"line":40,"column":65}},"type":"if","locations":[{"start":{"line":40,"column":2},"end":{"line":40,"column":65}},{"start":{},"end":{}}],"line":40},"2":{"loc":{"start":{"line":45,"column":16},"end":{"line":45,"column":33}},"type":"default-arg","locations":[{"start":{"line":45,"column":25},"end":{"line":45,"column":33}}],"line":45},"3":{"loc":{"start":{"line":46,"column":2},"end":{"line":46,"column":72}},"type":"if","locations":[{"start":{"line":46,"column":2},"end":{"line":46,"column":72}},{"start":{},"end":{}}],"line":46},"4":{"loc":{"start":{"line":54,"column":2},"end":{"line":54,"column":65}},"type":"if","locations":[{"start":{"line":54,"column":2},"end":{"line":54,"column":65}},{"start":{},"end":{}}],"line":54},"5":{"loc":{"start":{"line":61,"column":2},"end":{"line":61,"column":70}},"type":"if","locations":[{"start":{"line":61,"column":2},"end":{"line":61,"column":70}},{"start":{},"end":{}}],"line":61},"6":{"loc":{"start":{"line":67,"column":0},"end":{"line":70,"column":1}},"type":"if","locations":[{"start":{"line":67,"column":0},"end":{"line":70,"column":1}},{"start":{},"end":{}}],"line":67},"7":{"loc":{"start":{"line":68,"column":15},"end":{"line":68,"column":39}},"type":"binary-expr","locations":[{"start":{"line":68,"column":15},"end":{"line":68,"column":31}},{"start":{"line":68,"column":35},"end":{"line":68,"column":39}}],"line":68}},"s":{"0":1,"1":1,"2":1,"3":1,"4":1,"5":1,"6":1,"7":1,"8":1,"9":1,"10":1,"11":1,"12":2,"13":3,"14":2,"15":1,"16":1,"17":1,"18":2,"19":2,"20":1,"21":1,"22":1,"23":1,"24":1,"25":1,"26":1,"27":1,"28":0,"29":1,"30":1,"31":1,"32":1,"33":1,"34":1,"35":0,"36":1,"37":1,"38":1,"39":0,"40":0,"41":0,"42":1},"f":{"0":1,"1":1,"2":1,"3":2,"4":3,"5":2,"6":1,"7":1,"8":1,"9":1,"10":0},"b":{"0":[1,1],"1":[1,1],"2":[2],"3":[1,1],"4":[0,1],"5":[0,1],"6":[0,1],"7":[0,0]},"_coverageSchema":"1a1c01bbd47fc00a2c39e90264f33305004495a9","hash":"3c8514d0b3abfc12d6a45a99ad98134627d8ca6a"}
}
