TN:
SF:src/app.js
FN:19,(anonymous_0)
FN:31,(anonymous_1)
FN:36,(anonymous_2)
FN:38,(anonymous_3)
FN:39,(anonymous_4)
FN:44,(anonymous_5)
FN:52,(anonymous_6)
FN:53,(anonymous_7)
FN:59,(anonymous_8)
FN:60,(anonymous_9)
FN:69,(anonymous_10)
FNF:11
FNH:10
FNDA:1,(anonymous_0)
FNDA:1,(anonymous_1)
FNDA:1,(anonymous_2)
FNDA:2,(anonymous_3)
FNDA:3,(anonymous_4)
FNDA:2,(anonymous_5)
FNDA:1,(anonymous_6)
FNDA:1,(anonymous_7)
FNDA:1,(anonymous_8)
FNDA:1,(anonymous_9)
FNDA:0,(anonymous_10)
DA:6,1
DA:7,1
DA:9,1
DA:10,1
DA:13,1
DA:19,1
DA:20,1
DA:31,1
DA:32,1
DA:36,1
DA:38,1
DA:39,3
DA:40,2
DA:41,1
DA:44,1
DA:45,2
DA:46,2
DA:47,1
DA:48,1
DA:49,1
DA:52,1
DA:53,1
DA:54,1
DA:55,1
DA:56,1
DA:59,1
DA:60,1
DA:61,1
DA:62,1
DA:63,1
DA:67,1
DA:68,0
DA:69,0
DA:72,1
LF:34
LH:32
BRDA:24,0,0,1
BRDA:24,0,1,1
BRDA:40,1,0,1
BRDA:40,1,1,1
BRDA:45,2,0,2
BRDA:46,3,0,1
BRDA:46,3,1,1
BRDA:54,4,0,0
BRDA:54,4,1,1
BRDA:61,5,0,0
BRDA:61,5,1,1
BRDA:67,6,0,0
BRDA:67,6,1,1
BRDA:68,7,0,0
BRDA:68,7,1,0
BRF:15
BRH:10
end_of_record
